Unable to capture context for thread 14704 in process 2464, can not generate back trace
Exception at PC 0x00007FF8A51BBB93
Printing stacktrace...

[0]  [0x00007FF8A51BBB93]
[1]  [0x00007FF8A51BBB93]
[2]  [0x00007FF8A51BB4A1]
[3]  [0x00007FF8A51BB3EF]
[4]  [0x00007FF8A51A19FE]
[5]  [0x00007FF8A51A0ED1]
[6]  [0x00007FF8A51A0D76]
[7]  [0x00007FF8A51479F6]
[8]  [0x00007FF8A5137AFB]
[9]  [0x00007FF8A525E90A]
[10]  [0x00007FF8A5279F87]
[11]  [0x00007FF8A527A05F]
[12] (BaseThreadInitThunk+0x14) [0x00007FF8FC6A7C24]
[13] (RtlUserThreadStart+0x21) [0x00007FF8FD00D4D1]
Done
Exception at PC 0x00007FF8A4EC1A52
Attemped to write at address 0x00007FF8C8D0ABA4
Printing stacktrace...

[0]  [0x00007FF8A4EC1A52]
[1]  [0x00007FF8A4EC1A52]
[2]  [0x00007FF8A4EC1AD4]
[3]  [0x00007FF8A5003FF7]
[4]  [0x00007FF8A4EE9128]
[5]  [0x00007FF8A519DFB9]
[6]  [0x00007FF8A536EF23]
[7]  [0x00007FF8A527B06B]
[8]  [0x00007FF8A52708AF]
[9]  [0x00007FF8A5270A32]
[10] (RtlActivateActivationContextUnsafeFast+0x121) [0x00007FF8FCFC5021]
[11] (LdrShutdownProcess+0x132) [0x00007FF8FD00B102]
[12] (RtlExitUserProcess+0xad) [0x00007FF8FD00AFAD]
[13] (ExitProcess+0xa) [0x00007FF8FC6ACDDA]
[14] (exit+0x85) [0x00007FF8FBE5A245]
[15] (initterm_e+0x245) [0x00007FF8FBE5A8B5]
[16]  [0x00000000004014CD]
[17]  [0x000000000040151B]
[18] (BaseThreadInitThunk+0x14) [0x00007FF8FC6A7C24]
[19] (RtlUserThreadStart+0x21) [0x00007FF8FD00D4D1]
Done
