INFO: [VRFC 10-163] Analyzing VHDL file "D:/bibliotecas/desktop/DSED/proyectoDSED/final_project - copia/final_project.srcs/sources_1/new/package_dsed.vhd" into library xil_defaultlib
INFO: [VRFC 10-163] Analyzing VHDL file "D:/bibliotecas/desktop/DSED/proyectoDSED/final_project - copia/final_project.srcs/sources_1/new/pwm.vhd" into library xil_defaultlib
INFO: [VRFC 10-307] analyzing entity pwm
INFO: [VRFC 10-163] Analyzing VHDL file "D:/bibliotecas/desktop/DSED/proyectoDSED/final_project - copia/final_project.srcs/sources_1/new/en_4_cycles.vhd" into library xil_defaultlib
INFO: [VRFC 10-307] analyzing entity en_4_cycles
INFO: [VRFC 10-163] Analyzing VHDL file "D:/bibliotecas/desktop/DSED/proyectoDSED/final_project - copia/final_project.srcs/sources_1/imports/new/FSMD_microphone.vhd" into library xil_defaultlib
INFO: [VRFC 10-307] analyzing entity FSMD_microphone
INFO: [VRFC 10-163] Analyzing VHDL file "D:/bibliotecas/desktop/DSED/proyectoDSED/final_project - copia/final_project.srcs/sim_1/imports/new/FSMD_microphone_tb.vhd" into library xil_defaultlib
INFO: [VRFC 10-307] analyzing entity FSMD_microphone_tb
INFO: [VRFC 10-163] Analyzing VHDL file "D:/bibliotecas/desktop/DSED/proyectoDSED/final_project - copia/final_project.srcs/sim_1/imports/new/FSMD_microphone_2tb.vhd" into library xil_defaultlib
INFO: [VRFC 10-307] analyzing entity FSMD_microphone_2tb
ERROR: [VRFC 10-91] a is not declared [D:/bibliotecas/desktop/DSED/proyectoDSED/final_project - copia/final_project.srcs/sim_1/imports/new/FSMD_microphone_2tb.vhd:93]
ERROR: [VRFC 10-91] b is not declared [D:/bibliotecas/desktop/DSED/proyectoDSED/final_project - copia/final_project.srcs/sim_1/imports/new/FSMD_microphone_2tb.vhd:94]
ERROR: [VRFC 10-91] c is not declared [D:/bibliotecas/desktop/DSED/proyectoDSED/final_project - copia/final_project.srcs/sim_1/imports/new/FSMD_microphone_2tb.vhd:95]
ERROR: [VRFC 10-91] a is not declared [D:/bibliotecas/desktop/DSED/proyectoDSED/final_project - copia/final_project.srcs/sim_1/imports/new/FSMD_microphone_2tb.vhd:96]
ERROR: [VRFC 10-2123] 0 definitions of operator "xor" match here [D:/bibliotecas/desktop/DSED/proyectoDSED/final_project - copia/final_project.srcs/sim_1/imports/new/FSMD_microphone_2tb.vhd:96]
ERROR: [VRFC 10-2123] 0 definitions of operator "xor" match here [D:/bibliotecas/desktop/DSED/proyectoDSED/final_project - copia/final_project.srcs/sim_1/imports/new/FSMD_microphone_2tb.vhd:96]
ERROR: [VRFC 10-2123] 0 definitions of operator "xor" match here [D:/bibliotecas/desktop/DSED/proyectoDSED/final_project - copia/final_project.srcs/sim_1/imports/new/FSMD_microphone_2tb.vhd:96]
ERROR: [VRFC 10-1504] unit behavioral ignored due to previous errors [D:/bibliotecas/desktop/DSED/proyectoDSED/final_project - copia/final_project.srcs/sim_1/imports/new/FSMD_microphone_2tb.vhd:39]
INFO: [VRFC 10-240] VHDL file D:/bibliotecas/desktop/DSED/proyectoDSED/final_project - copia/final_project.srcs/sim_1/imports/new/FSMD_microphone_2tb.vhd ignored due to errors
INFO: [VRFC 10-163] Analyzing VHDL file "D:/bibliotecas/desktop/DSED/proyectoDSED/final_project - copia/final_project.srcs/sim_1/new/pwm_tb.vhd" into library xil_defaultlib
INFO: [VRFC 10-307] analyzing entity pwm_tb
INFO: [VRFC 10-163] Analyzing VHDL file "D:/bibliotecas/desktop/DSED/proyectoDSED/final_project - copia/final_project.srcs/sim_1/new/en_4_cycles_tb.vhd" into library xil_defaultlib
INFO: [VRFC 10-307] analyzing entity en_4_cycles_tb
