Unable to capture context for thread 14104 in process 704, can not generate back trace
Exception at PC 0x00007FF87BCDBB93
Printing stacktrace...

[0]  [0x00007FF87BCDBB93]
[1]  [0x00007FF87BCDBB93]
[2]  [0x00007FF87BCDB4A1]
[3]  [0x00007FF87BCDB3EF]
[4]  [0x00007FF87BCC19FE]
[5]  [0x00007FF87BCC0ED1]
[6]  [0x00007FF87BCC0D76]
[7]  [0x00007FF87BC679F6]
[8]  [0x00007FF87BC57AFB]
[9]  [0x00007FF87BD7E90A]
[10]  [0x00007FF87BD99F87]
[11]  [0x00007FF87BD9A05F]
[12] (BaseThreadInitThunk+0x14) [0x00007FF90BF97C24]
[13] (RtlUserThreadStart+0x21) [0x00007FF90D76D4D1]
Done
Exception at PC 0x00007FF87B9E1A52
Attemped to write at address 0x00007FF8C217ABA4
Printing stacktrace...

[0]  [0x00007FF87B9E1A52]
[1]  [0x00007FF87B9E1A52]
[2]  [0x00007FF87B9E1AD4]
[3]  [0x00007FF87BB23FF7]
[4]  [0x00007FF87BA09128]
[5]  [0x00007FF87BCBDFB9]
[6]  [0x00007FF87BE8EF23]
[7]  [0x00007FF87BD9B06B]
[8]  [0x00007FF87BD908AF]
[9]  [0x00007FF87BD90A32]
[10] (RtlActivateActivationContextUnsafeFast+0x121) [0x00007FF90D725021]
[11] (LdrShutdownProcess+0x132) [0x00007FF90D76B102]
[12] (RtlExitUserProcess+0xad) [0x00007FF90D76AFAD]
[13] (ExitProcess+0xa) [0x00007FF90BF9CDDA]
[14] (exit+0x85) [0x00007FF90C4AA245]
[15] (initterm_e+0x245) [0x00007FF90C4AA8B5]
[16]  [0x00000000004014CD]
[17]  [0x000000000040151B]
[18] (BaseThreadInitThunk+0x14) [0x00007FF90BF97C24]
[19] (RtlUserThreadStart+0x21) [0x00007FF90D76D4D1]
Done
