Unable to capture context for thread 3616 in process 17492, can not generate back trace
Unable to capture context for thread 1132 in process 17492, can not generate back trace
Exception at PC 0x00007FFFE95CBB93
Printing stacktrace...

[0]  [0x00007FFFE95CBB93]
[1]  [0x00007FFFE95CBB93]
[2]  [0x00007FFFE95CB4A1]
[3]  [0x00007FFFE95CB3EF]
[4]  [0x00007FFFE95B19FE]
[5]  [0x00007FFFE95B0ED1]
[6]  [0x00007FFFE95B0D76]
[7]  [0x00007FFFE95579F6]
[8]  [0x00007FFFE9547AFB]
[9]  [0x00007FFFE966E90A]
[10]  [0x00007FFFE9689F87]
[11]  [0x00007FFFE968A05F]
[12] (BaseThreadInitThunk+0x14) [0x00007FF86F1D7034]
[13] (RtlUserThreadStart+0x21) [0x00007FF870A42651]
Done
Exception at PC 0x00007FFFE92D1A52
Attemped to write at address 0x00007FFFF140ABA4
Printing stacktrace...

[0]  [0x00007FFFE92D1A52]
[1]  [0x00007FFFE92D1A52]
[2]  [0x00007FFFE92D1AD4]
[3]  [0x00007FFFE9413FF7]
[4]  [0x00007FFFE92F9128]
[5]  [0x00007FFFE95ADFB9]
[6]  [0x00007FFFE977EF23]
[7]  [0x00007FFFE968B06B]
[8]  [0x00007FFFE96808AF]
[9]  [0x00007FFFE9680A32]
[10] (RtlActivateActivationContextUnsafeFast+0x11d) [0x00007FF870A09A1D]
[11] (LdrShutdownProcess+0x141) [0x00007FF870A4DB91]
[12] (RtlExitUserProcess+0xad) [0x00007FF870A4DA2D]
[13] (FatalExit+0xb) [0x00007FF86F1DE0AB]
[14] (exit+0x85) [0x00007FF86EBAA155]
[15] (initterm_e+0x245) [0x00007FF86EBAA7C5]
[16]  [0x00000000004014CD]
[17]  [0x000000000040151B]
[18] (BaseThreadInitThunk+0x14) [0x00007FF86F1D7034]
[19] (RtlUserThreadStart+0x21) [0x00007FF870A42651]
Done
