INFO: [VRFC 10-163] Analyzing VHDL file "C:/Users/vicpt/Documents/GitHub/proyecto/final_project/final_project.srcs/sources_1/new/ram_mem.vhd" into library xil_defaultlib
ERROR: [VRFC 10-149] 'package_dsed' is not compiled in library xil_defaultlib [C:/Users/vicpt/Documents/GitHub/proyecto/final_project/final_project.srcs/sources_1/new/ram_mem.vhd:24]
INFO: [VRFC 10-307] analyzing entity ram_mem
ERROR: [VRFC 10-1504] unit ram_mem ignored due to previous errors [C:/Users/vicpt/Documents/GitHub/proyecto/final_project/final_project.srcs/sources_1/new/ram_mem.vhd:35]
INFO: [VRFC 10-240] VHDL file C:/Users/vicpt/Documents/GitHub/proyecto/final_project/final_project.srcs/sources_1/new/ram_mem.vhd ignored due to errors
INFO: [VRFC 10-163] Analyzing VHDL file "C:/Users/vicpt/Documents/GitHub/proyecto/final_project/final_project.srcs/sources_1/new/package_dsed.vhd" into library xil_defaultlib
INFO: [VRFC 10-163] Analyzing VHDL file "C:/Users/vicpt/Documents/GitHub/proyecto/final_project/final_project.srcs/sources_1/new/pwm.vhd" into library xil_defaultlib
INFO: [VRFC 10-307] analyzing entity pwm
INFO: [VRFC 10-163] Analyzing VHDL file "C:/Users/vicpt/Documents/GitHub/proyecto/final_project/final_project.srcs/sources_1/new/en_4_cycles.vhd" into library xil_defaultlib
INFO: [VRFC 10-307] analyzing entity en_4_cycles
INFO: [VRFC 10-163] Analyzing VHDL file "C:/Users/vicpt/Documents/GitHub/proyecto/final_project/final_project.srcs/sources_1/imports/new/FSMD_microphone.vhd" into library xil_defaultlib
INFO: [VRFC 10-307] analyzing entity FSMD_microphone
INFO: [VRFC 10-163] Analyzing VHDL file "C:/Users/vicpt/Documents/GitHub/proyecto/final_project/final_project.srcs/sources_1/new/audio_interface.vhd" into library xil_defaultlib
INFO: [VRFC 10-307] analyzing entity audio_interface
INFO: [VRFC 10-163] Analyzing VHDL file "C:/Users/vicpt/Documents/GitHub/proyecto/final_project/final_project.srcs/sources_1/new/controlador.vhd" into library xil_defaultlib
INFO: [VRFC 10-307] analyzing entity controlador
INFO: [VRFC 10-163] Analyzing VHDL file "C:/Users/vicpt/Documents/GitHub/proyecto/final_project/final_project.srcs/sources_1/new/fir_filter.vhd" into library xil_defaultlib
INFO: [VRFC 10-307] analyzing entity fir_filter
INFO: [VRFC 10-163] Analyzing VHDL file "C:/Users/vicpt/Documents/GitHub/proyecto/final_project/final_project.srcs/sources_1/new/mult.vhd" into library xil_defaultlib
INFO: [VRFC 10-307] analyzing entity mult
INFO: [VRFC 10-163] Analyzing VHDL file "C:/Users/vicpt/Documents/GitHub/proyecto/final_project/final_project.srcs/sources_1/new/sum.vhd" into library xil_defaultlib
INFO: [VRFC 10-307] analyzing entity sum
INFO: [VRFC 10-163] Analyzing VHDL file "C:/Users/vicpt/Documents/GitHub/proyecto/final_project/final_project.srcs/sim_1/imports/new/FSMD_microphone_tb.vhd" into library xil_defaultlib
INFO: [VRFC 10-307] analyzing entity FSMD_microphone_tb
INFO: [VRFC 10-163] Analyzing VHDL file "C:/Users/vicpt/Documents/GitHub/proyecto/final_project/final_project.srcs/sim_1/new/pwm_tb.vhd" into library xil_defaultlib
INFO: [VRFC 10-307] analyzing entity pwm_tb
INFO: [VRFC 10-163] Analyzing VHDL file "C:/Users/vicpt/Documents/GitHub/proyecto/final_project/final_project.srcs/sim_1/new/en_4_cycles_tb.vhd" into library xil_defaultlib
INFO: [VRFC 10-307] analyzing entity en_4_cycles_tb
INFO: [VRFC 10-163] Analyzing VHDL file "C:/Users/vicpt/Documents/GitHub/proyecto/final_project/final_project.srcs/sim_1/new/audio_interface_tb.vhd" into library xil_defaultlib
INFO: [VRFC 10-307] analyzing entity audio_interface_tb
INFO: [VRFC 10-163] Analyzing VHDL file "C:/Users/vicpt/Documents/GitHub/proyecto/final_project/final_project.srcs/sim_1/new/controlador_tb.vhd" into library xil_defaultlib
INFO: [VRFC 10-307] analyzing entity controlador_tb
INFO: [VRFC 10-163] Analyzing VHDL file "C:/Users/vicpt/Documents/GitHub/proyecto/final_project/final_project.srcs/sim_1/new/fir_filter_tb.vhd" into library xil_defaultlib
INFO: [VRFC 10-307] analyzing entity fir_filter_tb
INFO: [VRFC 10-163] Analyzing VHDL file "C:/Users/vicpt/Documents/GitHub/proyecto/final_project/final_project.srcs/sim_1/new/blk_mem_gen_0_tb.vhd" into library xil_defaultlib
INFO: [VRFC 10-307] analyzing entity blk_mem_gen_0_tb
