Unable to capture context for thread 9628 in process 24412, can not generate back trace
Unable to capture context for thread 240 in process 24412, can not generate back trace
Unable to capture context for thread 8748 in process 24412, can not generate back trace
Exception at PC 0x00007FFB57C0BB93
Printing stacktrace...

[0]  [0x00007FFB57C0BB93]
[1]  [0x00007FFB57C0BB93]
[2]  [0x00007FFB57C0B4A1]
[3]  [0x00007FFB57C0B3EF]
[4]  [0x00007FFB57BF19FE]
[5]  [0x00007FFB57BF0ED1]
[6]  [0x00007FFB57BF0D76]
[7]  [0x00007FFB57B979F6]
[8]  [0x00007FFB57B87AFB]
[9]  [0x00007FFB57CAE90A]
[10]  [0x00007FFB57CC9F87]
[11]  [0x00007FFB57CCA05F]
[12] (BaseThreadInitThunk+0x14) [0x00007FFB9ABD7034]
[13] (RtlUserThreadStart+0x21) [0x00007FFB9C8E2651]
Done
Exception at PC 0x00007FFB57911A52
Attemped to write at address 0x00007FFB5A00ABA4
Printing stacktrace...

[0]  [0x00007FFB57911A52]
[1]  [0x00007FFB57911A52]
[2]  [0x00007FFB57911AD4]
[3]  [0x00007FFB57A53FF7]
[4]  [0x00007FFB57939128]
[5]  [0x00007FFB57BEDFB9]
[6]  [0x00007FFB57DBEF23]
[7]  [0x00007FFB57CCB06B]
[8]  [0x00007FFB57CC08AF]
[9]  [0x00007FFB57CC0A32]
[10] (RtlActivateActivationContextUnsafeFast+0x11d) [0x00007FFB9C8A9A1D]
[11] (LdrShutdownProcess+0x141) [0x00007FFB9C8EDB91]
[12] (RtlExitUserProcess+0xad) [0x00007FFB9C8EDA2D]
[13] (FatalExit+0xb) [0x00007FFB9ABDE0AB]
[14] (exit+0x85) [0x00007FFB9C76A155]
[15] (initterm_e+0x245) [0x00007FFB9C76A7C5]
[16]  [0x00000000004014CD]
[17]  [0x000000000040151B]
[18] (BaseThreadInitThunk+0x14) [0x00007FFB9ABD7034]
[19] (RtlUserThreadStart+0x21) [0x00007FFB9C8E2651]
Done
