Unable to capture context for thread 14804 in process 8828, can not generate back trace
Unable to capture context for thread 2688 in process 8828, can not generate back trace
Unable to capture context for thread 2672 in process 8828, can not generate back trace
Exception at PC 0x00007FFEFD54BB93
Printing stacktrace...

[0]  [0x00007FFEFD54BB93]
[1]  [0x00007FFEFD54BB93]
[2]  [0x00007FFEFD54B4A1]
[3]  [0x00007FFEFD54B3EF]
[4]  [0x00007FFEFD5319FE]
[5]  [0x00007FFEFD530ED1]
[6]  [0x00007FFEFD530D76]
[7]  [0x00007FFEFD4D79F6]
[8]  [0x00007FFEFD4C7AFB]
[9]  [0x00007FFEFD5EE90A]
[10]  [0x00007FFEFD609F87]
[11]  [0x00007FFEFD60A05F]
[12] (BaseThreadInitThunk+0x14) [0x00007FFF92E47034]
[13] (RtlUserThreadStart+0x21) [0x00007FFF94042651]
Done
Exception at PC 0x00007FFEFD251A52
Attemped to write at address 0x00007FFF5C28ABA4
Printing stacktrace...

[0]  [0x00007FFEFD251A52]
[1]  [0x00007FFEFD251A52]
[2]  [0x00007FFEFD251AD4]
[3]  [0x00007FFEFD393FF7]
[4]  [0x00007FFEFD279128]
[5]  [0x00007FFEFD52DFB9]
[6]  [0x00007FFEFD6FEF23]
[7]  [0x00007FFEFD60B06B]
[8]  [0x00007FFEFD6008AF]
[9]  [0x00007FFEFD600A32]
[10] (RtlActivateActivationContextUnsafeFast+0x11d) [0x00007FFF94009A1D]
[11] (LdrShutdownProcess+0x141) [0x00007FFF9404DB91]
[12] (RtlExitUserProcess+0xad) [0x00007FFF9404DA2D]
[13] (FatalExit+0xb) [0x00007FFF92E4E0AB]
[14] (exit+0x85) [0x00007FFF92DBA155]
[15] (initterm_e+0x245) [0x00007FFF92DBA7C5]
[16]  [0x00000000004014CD]
[17]  [0x000000000040151B]
[18] (BaseThreadInitThunk+0x14) [0x00007FFF92E47034]
[19] (RtlUserThreadStart+0x21) [0x00007FFF94042651]
Done
