#-----------------------------------------------------------
# Vivado v2017.2 (64-bit)
# SW Build 1909853 on Thu Jun 15 18:39:09 MDT 2017
# IP Build 1909766 on Thu Jun 15 19:58:00 MDT 2017
# Start of session at: Thu Jan 27 17:29:52 2022
# Process ID: 17544
# Current directory: C:/Users/vicpt/Documents/GitHub/proye/final_project
# Command line: vivado.exe -gui_launcher_event rodinguilauncherevent12980 C:\Users\vicpt\Documents\GitHub\proye\final_project\final_project.xpr
# Log file: C:/Users/vicpt/Documents/GitHub/proye/final_project/vivado.log
# Journal file: C:/Users/vicpt/Documents/GitHub/proye/final_project\vivado.jou
#-----------------------------------------------------------
start_gui
open_project C:/Users/vicpt/Documents/GitHub/proye/final_project/final_project.xpr
INFO: [Project 1-313] Project file moved from 'C:/Users/vicpt/Documents/GitHub/proyectoDSED/final_project' since last save.
Scanning sources...
Finished scanning sources
INFO: [IP_Flow 19-234] Refreshing IP repositories
INFO: [IP_Flow 19-1704] No user IP repositories specified
INFO: [IP_Flow 19-2313] Loaded Vivado IP repository 'C:/Users/Vivado/2017.2/data/ip'.
WARNING: [IP_Flow 19-3664] IP 'clk_wiz_0' generated file not found 'c:/Users/vicpt/Documents/GitHub/proye/final_project/final_project.srcs/sources_1/ip/clk_wiz_0/stats.txt'. Please regenerate to continue.
open_project: Time (s): cpu = 00:00:15 ; elapsed = 00:00:06 . Memory (MB): peak = 809.184 ; gain = 99.867
reset_run synth_1
launch_runs impl_1 -jobs 4
INFO: [Vivado 12-4149] The synthesis checkpoint for IP 'C:/Users/vicpt/Documents/GitHub/proye/final_project/final_project.srcs/sources_1/ip/clk_wiz_0/clk_wiz_0.xci' is already up-to-date
[Thu Jan 27 17:30:44 2022] Launched synth_1...
Run output will be captured here: C:/Users/vicpt/Documents/GitHub/proye/final_project/final_project.runs/synth_1/runme.log
[Thu Jan 27 17:30:44 2022] Launched impl_1...
Run output will be captured here: C:/Users/vicpt/Documents/GitHub/proye/final_project/final_project.runs/impl_1/runme.log
reset_run synth_1
