#-----------------------------------------------------------
# Vivado v2017.2 (64-bit)
# SW Build 1909853 on Thu Jun 15 18:39:09 MDT 2017
# IP Build 1909766 on Thu Jun 15 19:58:00 MDT 2017
# Start of session at: Thu Jan 27 17:29:52 2022
# Process ID: 17544
# Current directory: C:/Users/vicpt/Documents/GitHub/proye/final_project
# Command line: vivado.exe -gui_launcher_event rodinguilauncherevent12980 C:\Users\vicpt\Documents\GitHub\proye\final_project\final_project.xpr
# Log file: C:/Users/vicpt/Documents/GitHub/proye/final_project/vivado.log
# Journal file: C:/Users/vicpt/Documents/GitHub/proye/final_project\vivado.jou
#-----------------------------------------------------------
start_gui
open_project C:/Users/vicpt/Documents/GitHub/proye/final_project/final_project.xpr
INFO: [Project 1-313] Project file moved from 'C:/Users/vicpt/Documents/GitHub/proyectoDSED/final_project' since last save.
Scanning sources...
Finished scanning sources
INFO: [IP_Flow 19-234] Refreshing IP repositories
INFO: [IP_Flow 19-1704] No user IP repositories specified
INFO: [IP_Flow 19-2313] Loaded Vivado IP repository 'C:/Users/Vivado/2017.2/data/ip'.
WARNING: [IP_Flow 19-3664] IP 'clk_wiz_0' generated file not found 'c:/Users/vicpt/Documents/GitHub/proye/final_project/final_project.srcs/sources_1/ip/clk_wiz_0/stats.txt'. Please regenerate to continue.
open_project: Time (s): cpu = 00:00:15 ; elapsed = 00:00:06 . Memory (MB): peak = 809.184 ; gain = 99.867
reset_run synth_1
launch_runs impl_1 -jobs 4
INFO: [Vivado 12-4149] The synthesis checkpoint for IP 'C:/Users/vicpt/Documents/GitHub/proye/final_project/final_project.srcs/sources_1/ip/clk_wiz_0/clk_wiz_0.xci' is already up-to-date
[Thu Jan 27 17:30:44 2022] Launched synth_1...
Run output will be captured here: C:/Users/vicpt/Documents/GitHub/proye/final_project/final_project.runs/synth_1/runme.log
[Thu Jan 27 17:30:44 2022] Launched impl_1...
Run output will be captured here: C:/Users/vicpt/Documents/GitHub/proye/final_project/final_project.runs/impl_1/runme.log
reset_run synth_1
launch_runs impl_1 -jobs 4
INFO: [Vivado 12-4149] The synthesis checkpoint for IP 'C:/Users/vicpt/Documents/GitHub/proye/final_project/final_project.srcs/sources_1/ip/clk_wiz_0/clk_wiz_0.xci' is already up-to-date
[Thu Jan 27 17:32:58 2022] Launched synth_1...
Run output will be captured here: C:/Users/vicpt/Documents/GitHub/proye/final_project/final_project.runs/synth_1/runme.log
[Thu Jan 27 17:32:58 2022] Launched impl_1...
Run output will be captured here: C:/Users/vicpt/Documents/GitHub/proye/final_project/final_project.runs/impl_1/runme.log
launch_runs impl_1 -to_step write_bitstream -jobs 4
INFO: [Vivado 12-4149] The synthesis checkpoint for IP 'C:/Users/vicpt/Documents/GitHub/proye/final_project/final_project.srcs/sources_1/ip/clk_wiz_0/clk_wiz_0.xci' is already up-to-date
[Thu Jan 27 17:35:41 2022] Launched impl_1...
Run output will be captured here: C:/Users/vicpt/Documents/GitHub/proye/final_project/final_project.runs/impl_1/runme.log
open_hw
connect_hw_server
INFO: [Labtools 27-2285] Connecting to hw_server url TCP:localhost:3121
INFO: [Labtools 27-2222] Launching hw_server...
INFO: [Labtools 27-2221] Launch Output:

****** Xilinx hw_server v2017.2
  **** Build date : Jun 15 2017-18:53:26
    ** Copyright 1986-2017 Xilinx, Inc. All Rights Reserved.


open_hw_target
INFO: [Labtoolstcl 44-466] Opening hw_target localhost:3121/xilinx_tcf/Digilent/210292A4C6E7A
set_property PROGRAM.FILE {C:/Users/vicpt/Documents/GitHub/proye/final_project/final_project.runs/impl_1/controlador.bit} [get_hw_devices xc7a100t_0]
current_hw_device [get_hw_devices xc7a100t_0]
refresh_hw_device -update_hw_probes false [lindex [get_hw_devices xc7a100t_0] 0]
INFO: [Labtools 27-1435] Device xc7a100t (JTAG device index = 0) is not programmed (DONE status = 0).
set_property PROBES.FILE {} [get_hw_devices xc7a100t_0]
set_property FULL_PROBES.FILE {} [get_hw_devices xc7a100t_0]
set_property PROGRAM.FILE {C:/Users/vicpt/Documents/GitHub/proye/final_project/final_project.runs/impl_1/controlador.bit} [get_hw_devices xc7a100t_0]
program_hw_devices [get_hw_devices xc7a100t_0]
INFO: [Labtools 27-3164] End of startup status: HIGH
refresh_hw_device [lindex [get_hw_devices xc7a100t_0] 0]
INFO: [Labtools 27-1434] Device xc7a100t (JTAG device index = 0) is programmed with a design that has no supported debug core(s) in it.
WARNING: [Labtools 27-3361] The debug hub core was not detected.
Resolution: 
1. Make sure the clock connected to the debug hub (dbg_hub) core is a free running clock and is active.
2. Make sure the BSCAN_SWITCH_USER_MASK device property in Vivado Hardware Manager reflects the user scan chain setting in the design and refresh the device.  To determine the user scan chain setting in the design, open the implemented design and use 'get_property C_USER_SCAN_CHAIN [get_debug_cores dbg_hub]'.
For more details on setting the scan chain property, consult the Vivado Debug and Programming User Guide (UG908).
ERROR: [Labtoolstcl 44-513] HW Target shutdown. Closing target: localhost:3121/xilinx_tcf/Digilent/210292A4C6E7A
reset_run impl_1
launch_runs impl_1 -jobs 4
INFO: [Vivado 12-4149] The synthesis checkpoint for IP 'C:/Users/vicpt/Documents/GitHub/proye/final_project/final_project.srcs/sources_1/ip/clk_wiz_0/clk_wiz_0.xci' is already up-to-date
[Thu Jan 27 17:57:43 2022] Launched impl_1...
Run output will be captured here: C:/Users/vicpt/Documents/GitHub/proye/final_project/final_project.runs/impl_1/runme.log
reset_run synth_1
launch_runs impl_1 -to_step write_bitstream -jobs 4
INFO: [Vivado 12-4149] The synthesis checkpoint for IP 'C:/Users/vicpt/Documents/GitHub/proye/final_project/final_project.srcs/sources_1/ip/clk_wiz_0/clk_wiz_0.xci' is already up-to-date
[Thu Jan 27 17:59:48 2022] Launched synth_1...
Run output will be captured here: C:/Users/vicpt/Documents/GitHub/proye/final_project/final_project.runs/synth_1/runme.log
[Thu Jan 27 17:59:48 2022] Launched impl_1...
Run output will be captured here: C:/Users/vicpt/Documents/GitHub/proye/final_project/final_project.runs/impl_1/runme.log
INFO: [Labtoolstcl 44-466] Opening hw_target localhost:3121/xilinx_tcf/Digilent/210292A4C6E7A
INFO: [Labtools 27-1435] Device xc7a100t (JTAG device index = 0) is not programmed (DONE status = 0).
WARNING: [Labtoolstcl 44-129] No matching hw_ila_data was found.
refresh_hw_device [lindex [get_hw_devices xc7a100t_0] 0]
INFO: [Labtools 27-1435] Device xc7a100t (JTAG device index = 0) is not programmed (DONE status = 0).
set_property PROBES.FILE {} [get_hw_devices xc7a100t_0]
set_property FULL_PROBES.FILE {} [get_hw_devices xc7a100t_0]
set_property PROGRAM.FILE {C:/Users/vicpt/Documents/GitHub/proye/final_project/final_project.runs/impl_1/controlador.bit} [get_hw_devices xc7a100t_0]
program_hw_devices [get_hw_devices xc7a100t_0]
INFO: [Labtools 27-3164] End of startup status: HIGH
refresh_hw_device [lindex [get_hw_devices xc7a100t_0] 0]
INFO: [Labtools 27-1434] Device xc7a100t (JTAG device index = 0) is programmed with a design that has no supported debug core(s) in it.
WARNING: [Labtools 27-3361] The debug hub core was not detected.
Resolution: 
1. Make sure the clock connected to the debug hub (dbg_hub) core is a free running clock and is active.
2. Make sure the BSCAN_SWITCH_USER_MASK device property in Vivado Hardware Manager reflects the user scan chain setting in the design and refresh the device.  To determine the user scan chain setting in the design, open the implemented design and use 'get_property C_USER_SCAN_CHAIN [get_debug_cores dbg_hub]'.
For more details on setting the scan chain property, consult the Vivado Debug and Programming User Guide (UG908).
ERROR: [Labtoolstcl 44-513] HW Target shutdown. Closing target: localhost:3121/xilinx_tcf/Digilent/210292A4C6E7A
